"2020-06-21 17:35:16 [restartedMain] INFO  c.m.ticketdemo.TicketDemoApplication - Starting TicketDemoApplication on cutter-ThinkPad with PID 9074 (/home/cutter/Desktop/projects/app/ticket-demo/target/classes started by cutter in /home/cutter/Desktop/projects/app/ticket-demo)
""2020-06-21 17:35:16 [restartedMain] INFO  c.m.ticketdemo.TicketDemoApplication - No active profile set, falling back to default profiles: default
""2020-06-21 17:35:16 [restartedMain] INFO  o.s.b.d.e.DevToolsPropertyDefaultsPostProcessor - Devtools property defaults active! Set 'spring.devtools.add-properties' to 'false' to disable
""2020-06-21 17:35:16 [restartedMain] INFO  o.s.b.d.e.DevToolsPropertyDefaultsPostProcessor - For additional web related logging consider setting the 'logging.level.web' property to 'DEBUG'
""2020-06-21 17:35:18 [restartedMain] INFO  o.s.d.r.c.RepositoryConfigurationDelegate - Bootstrapping Spring Data MongoDB repositories in DEFAULT mode.
""2020-06-21 17:35:18 [restartedMain] INFO  o.s.d.r.c.RepositoryConfigurationDelegate - Finished Spring Data repository scanning in 75ms. Found 1 MongoDB repository interfaces.
""2020-06-21 17:35:19 [restartedMain] INFO  o.s.b.w.e.tomcat.TomcatWebServer - Tomcat initialized with port(s): 8181 (http)
""2020-06-21 17:35:19 [restartedMain] INFO  o.a.catalina.core.StandardService - Starting service [Tomcat]
""2020-06-21 17:35:19 [restartedMain] INFO  o.a.catalina.core.StandardEngine - Starting Servlet engine: [Apache Tomcat/9.0.36]
""2020-06-21 17:35:20 [restartedMain] INFO  o.a.c.c.C.[Tomcat].[localhost].[/] - Initializing Spring embedded WebApplicationContext
""2020-06-21 17:35:20 [restartedMain] INFO  o.s.b.w.s.c.ServletWebServerApplicationContext - Root WebApplicationContext: initialization completed in 3424 ms
""2020-06-21 17:35:20 [restartedMain] INFO  org.mongodb.driver.cluster - Cluster created with settings {hosts=[localhost:27017], mode=SINGLE, requiredClusterType=UNKNOWN, serverSelectionTimeout='30000 ms'}
""2020-06-21 17:35:21 [cluster-ClusterId{value='5eef7028cde80e1b3fdb5bea', description='null'}-localhost:27017] INFO  org.mongodb.driver.connection - Opened connection [connectionId{localValue:1, serverValue:1}] to localhost:27017
""2020-06-21 17:35:21 [cluster-ClusterId{value='5eef7028cde80e1b3fdb5bea', description='null'}-localhost:27017] INFO  org.mongodb.driver.cluster - Monitor thread successfully connected to server with description ServerDescription{address=localhost:27017, type=STANDALONE, state=CONNECTED, ok=true, minWireVersion=0, maxWireVersion=6, maxDocumentSize=16777216, logicalSessionTimeoutMinutes=30, roundTripTimeNanos=2569431}
""2020-06-21 17:35:21 [restartedMain] INFO  o.s.b.d.a.OptionalLiveReloadServer - LiveReload server is running on port 35729
""2020-06-21 17:35:21 [restartedMain] INFO  o.s.s.c.ThreadPoolTaskExecutor - Initializing ExecutorService 'applicationTaskExecutor'
""2020-06-21 17:35:22 [restartedMain] INFO  o.s.b.a.e.web.EndpointLinksResolver - Exposing 2 endpoint(s) beneath base path '/actuator'
""2020-06-21 17:35:22 [restartedMain] INFO  o.s.b.w.e.tomcat.TomcatWebServer - Tomcat started on port(s): 8181 (http) with context path ''
""2020-06-21 17:35:22 [restartedMain] INFO  c.m.ticketdemo.TicketDemoApplication - Started TicketDemoApplication in 7.877 seconds (JVM running for 13.036)
""2020-06-21 17:35:23 [RMI TCP Connection(1)-127.0.0.1] INFO  o.a.c.c.C.[Tomcat].[localhost].[/] - Initializing Spring DispatcherServlet 'dispatcherServlet'
""2020-06-21 17:35:23 [RMI TCP Connection(1)-127.0.0.1] INFO  o.s.web.servlet.DispatcherServlet - Initializing Servlet 'dispatcherServlet'
""2020-06-21 17:35:23 [RMI TCP Connection(1)-127.0.0.1] INFO  o.s.web.servlet.DispatcherServlet - Completed initialization in 18 ms
""2020-06-21 17:35:23 [RMI TCP Connection(2)-127.0.0.1] INFO  org.mongodb.driver.connection - Opened connection [connectionId{localValue:2, serverValue:2}] to localhost:27017
""2020-06-21 17:45:02 [SpringContextShutdownHook] INFO  o.s.s.c.ThreadPoolTaskExecutor - Shutting down ExecutorService 'applicationTaskExecutor'
""2020-06-21 17:45:02 [SpringContextShutdownHook] INFO  org.mongodb.driver.connection - Closed connection [connectionId{localValue:2, serverValue:2}] to localhost:27017 because the pool has been closed.
"